[2022-05-25 04:32:12,062] WARNING::(P:32251 T:139966667548416)::app - byte indices must be integers or slices, not str
[2022-05-25 04:33:01,470] WARNING::(P:32443 T:139862297790208)::app - byte indices must be integers or slices, not str
[2022-05-25 04:33:02,313] WARNING::(P:32443 T:139862287787776)::app - byte indices must be integers or slices, not str
[2022-05-25 04:33:03,036] WARNING::(P:32443 T:139862297790208)::app - byte indices must be integers or slices, not str
[2022-05-25 04:33:03,758] WARNING::(P:32443 T:139861851895552)::app - byte indices must be integers or slices, not str
[2022-05-25 04:33:10,313] WARNING::(P:32443 T:139862287787776)::app - byte indices must be integers or slices, not str
[2022-05-25 04:33:11,030] WARNING::(P:32443 T:139862287787776)::app - byte indices must be integers or slices, not str
[2022-05-25 04:33:26,353] INFO::(P:375 T:139919628429056)::PaySystemsPrice - Hello
[2022-05-25 04:33:58,184] INFO::(P:522 T:140533239314176)::PaySystemsPrice - Hello
[2022-05-25 04:34:00,666] INFO::(P:522 T:140533249189632)::PaySystemsPrice - Hello
[2022-05-25 04:34:10,314] INFO::(P:522 T:140533249189632)::PaySystemsPrice - Hello
[2022-05-25 04:35:51,863] INFO::(P:522 T:140533249189632)::PaySystemsPrice - Hello
[2022-05-25 04:37:33,692] INFO::(P:522 T:140533249189632)::PaySystemsPrice - Hello
[2022-05-25 04:39:04,324] INFO::(P:1094 T:140464335976192)::PaySystemsPrice - Hello
[2022-05-25 04:47:11,298] INFO::(P:1710 T:139648066316032)::PaySystemsPrice - Hello
[2022-05-25 04:57:12,600] INFO::(P:1963 T:139802204522240)::PaySystemsPrice - Hello
[2022-05-25 04:57:53,430] INFO::(P:2116 T:140639001954048)::PaySystemsPrice - Hello
[2022-05-25 05:00:54,256] INFO::(P:2365 T:139877503563520)::PaySystemsPrice - Hello
[2022-05-25 05:01:14,815] INFO::(P:2517 T:140200596719360)::PaySystemsPrice - Hello
[2022-05-25 05:01:56,389] INFO::(P:2657 T:139802648065792)::PaySystemsPrice - Hello
[2022-05-25 05:02:29,702] INFO::(P:2871 T:140032323938048)::PaySystemsPrice - Hello
[2022-05-25 05:08:27,993] INFO::(P:3123 T:140698900756224)::PaySystemsPrice - Hello
[2022-05-25 05:08:40,226] INFO::(P:3123 T:140698871191296)::PaySystemsPrice - Hello
[2022-05-25 05:09:02,490] INFO::(P:3123 T:140698854143744)::PaySystemsPrice - Hello
[2022-05-25 05:09:27,359] INFO::(P:3412 T:140350798685952)::PaySystemsPrice - Hello
[2022-05-25 05:59:02,905] INFO::(P:5772 T:139971561772800)::PaySystemsPrice - Hello
[2022-05-25 06:01:53,387] INFO::(P:6560 T:139622978492160)::PaySystemsPrice - Hello
[2022-05-25 07:04:16,956] INFO::(P:8518 T:140607179814656)::PaySystemsPrice - Hello
[2022-05-25 07:06:30,365] INFO::(P:9761 T:140603687495424)::PaySystemsPrice - Hello
[2022-05-25 07:06:56,295] INFO::(P:10081 T:140399074670336)::PaySystemsPrice - Hello
[2022-05-25 07:07:48,633] INFO::(P:10081 T:140399084283648)::PaySystemsPrice - Hello
[2022-05-25 07:08:17,299] INFO::(P:10081 T:140399074670336)::PaySystemsPrice - Hello
[2022-05-25 07:20:15,786] WARNING::(P:11018 T:140591553906432)::app - byte indices must be integers or slices, not str
[2022-05-25 07:20:47,238] WARNING::(P:11227 T:140300571690752)::app - name 'data' is not defined
[2022-05-25 07:25:54,276] WARNING::(P:11513 T:140709101303552)::app - 'NullSession' object has no attribute '__enter__'
[2022-05-25 07:25:55,403] WARNING::(P:11513 T:140709101303552)::app - 'NullSession' object has no attribute '__enter__'
[2022-05-25 07:25:56,202] WARNING::(P:11513 T:140709101303552)::app - 'NullSession' object has no attribute '__enter__'
[2022-05-25 07:27:11,819] WARNING::(P:11774 T:140297601718016)::app - request_uri() missing 1 required positional argument: 'environ'
[2022-05-25 07:27:12,855] WARNING::(P:11774 T:140297610110720)::app - request_uri() missing 1 required positional argument: 'environ'
[2022-05-25 07:27:13,574] WARNING::(P:11774 T:140297628116736)::app - request_uri() missing 1 required positional argument: 'environ'
[2022-05-25 07:27:14,053] WARNING::(P:11774 T:140297628116736)::app - request_uri() missing 1 required positional argument: 'environ'
[2022-05-25 07:27:14,549] WARNING::(P:11774 T:140297601718016)::app - request_uri() missing 1 required positional argument: 'environ'
[2022-05-25 07:27:15,161] WARNING::(P:11774 T:140297628116736)::app - request_uri() missing 1 required positional argument: 'environ'
[2022-05-25 07:39:31,366] INFO::(P:14094 T:140343320037120)::app - 
[2022-05-25 07:39:57,047] INFO::(P:14320 T:140288328726272)::app - 
[2022-05-25 07:41:28,376] INFO::(P:14501 T:139652620674816)::app - 
[2022-05-25 07:42:03,520] INFO::(P:14653 T:140161380562688)::app - 
[2022-05-25 07:42:03,601] INFO::(P:14653 T:140161023211264)::app - 
[2022-05-25 07:42:03,722] INFO::(P:14653 T:140161023211264)::app - 
[2022-05-25 07:42:03,960] INFO::(P:14653 T:140161023211264)::app - 
[2022-05-25 07:42:04,089] INFO::(P:14653 T:140161023211264)::app - 
[2022-05-25 07:42:04,183] INFO::(P:14653 T:140161023211264)::app - 
[2022-05-25 07:42:04,273] INFO::(P:14653 T:140161023211264)::app - 
[2022-05-25 07:42:04,356] INFO::(P:14653 T:140161023211264)::app - 
[2022-05-25 07:42:04,447] INFO::(P:14653 T:140161396598528)::app - 
[2022-05-25 07:42:04,572] INFO::(P:14653 T:140161396598528)::app - 
[2022-05-25 07:42:04,651] INFO::(P:14653 T:140161396598528)::app - 
[2022-05-25 07:42:04,703] INFO::(P:14653 T:140161396598528)::app - 
[2022-05-25 07:42:04,753] INFO::(P:14653 T:140161396598528)::app - 
[2022-05-25 07:42:04,800] INFO::(P:14653 T:140161396598528)::app - 
[2022-05-25 07:42:04,860] INFO::(P:14653 T:140161396598528)::app - 
[2022-05-25 07:42:04,915] INFO::(P:14653 T:140161396598528)::app - 
[2022-05-25 07:42:04,964] INFO::(P:14653 T:140161396598528)::app - 
[2022-05-25 07:42:05,009] INFO::(P:14653 T:140161396598528)::app - 
[2022-05-25 07:42:05,070] INFO::(P:14653 T:140161396598528)::app - 
[2022-05-25 07:42:05,164] INFO::(P:14653 T:140161396598528)::app - 
[2022-05-25 07:42:06,288] INFO::(P:14653 T:140161372169984)::app - 
[2022-05-25 07:42:06,333] INFO::(P:14653 T:140161396598528)::app - 
[2022-05-25 07:42:06,449] INFO::(P:14653 T:140161396598528)::app - 
[2022-05-25 07:42:06,519] INFO::(P:14653 T:140161396598528)::app - 
[2022-05-25 07:42:06,578] INFO::(P:14653 T:140161396598528)::app - 
[2022-05-25 07:42:06,658] INFO::(P:14653 T:140161396598528)::app - 
[2022-05-25 07:42:06,718] INFO::(P:14653 T:140161396598528)::app - 
[2022-05-25 07:42:06,783] INFO::(P:14653 T:140161396598528)::app - 
[2022-05-25 07:42:06,850] INFO::(P:14653 T:140161396598528)::app - 
[2022-05-25 07:42:06,903] INFO::(P:14653 T:140161396598528)::app - 
[2022-05-25 07:42:06,970] INFO::(P:14653 T:140161396598528)::app - 
[2022-05-25 07:42:07,065] INFO::(P:14653 T:140161396598528)::app - 
[2022-05-25 07:42:07,189] INFO::(P:14653 T:140161396598528)::app - 
[2022-05-25 07:42:07,279] INFO::(P:14653 T:140161396598528)::app - 
[2022-05-25 07:42:07,361] INFO::(P:14653 T:140161396598528)::app - 
[2022-05-25 07:42:07,452] INFO::(P:14653 T:140161396598528)::app - 
[2022-05-25 07:42:07,504] INFO::(P:14653 T:140161396598528)::app - 
[2022-05-25 07:42:07,576] INFO::(P:14653 T:140161396598528)::app - 
[2022-05-25 07:42:07,636] INFO::(P:14653 T:140161396598528)::app - 
[2022-05-25 07:42:07,697] INFO::(P:14653 T:140161396598528)::app - 
[2022-05-25 07:42:12,828] INFO::(P:14653 T:140161014818560)::app - 
[2022-05-25 07:42:12,851] INFO::(P:14653 T:140161396598528)::app - 
[2022-05-25 07:42:12,935] INFO::(P:14653 T:140161396598528)::app - 
[2022-05-25 07:42:13,097] INFO::(P:14653 T:140161396598528)::app - 
[2022-05-25 07:42:13,461] INFO::(P:14653 T:140161396598528)::app - 
[2022-05-25 07:42:13,543] INFO::(P:14653 T:140161396598528)::app - 
[2022-05-25 07:42:13,594] INFO::(P:14653 T:140161396598528)::app - 
[2022-05-25 07:42:13,650] INFO::(P:14653 T:140161396598528)::app - 
[2022-05-25 07:42:13,728] INFO::(P:14653 T:140161396598528)::app - 
[2022-05-25 07:42:13,782] INFO::(P:14653 T:140161396598528)::app - 
[2022-05-25 07:42:13,860] INFO::(P:14653 T:140161396598528)::app - 
[2022-05-25 07:42:13,926] INFO::(P:14653 T:140161396598528)::app - 
[2022-05-25 07:42:13,968] INFO::(P:14653 T:140161396598528)::app - 
[2022-05-25 07:42:14,004] INFO::(P:14653 T:140161396598528)::app - 
[2022-05-25 07:42:14,057] INFO::(P:14653 T:140161396598528)::app - 
[2022-05-25 07:42:14,100] INFO::(P:14653 T:140161396598528)::app - 
[2022-05-25 07:42:14,161] INFO::(P:14653 T:140161396598528)::app - 
[2022-05-25 07:42:14,215] INFO::(P:14653 T:140161396598528)::app - 
[2022-05-25 07:42:14,272] INFO::(P:14653 T:140161396598528)::app - 
[2022-05-25 07:42:14,349] INFO::(P:14653 T:140161396598528)::app - 
[2022-05-25 07:42:40,215] WARNING::(P:15105 T:140251850917632)::app - index.html
[2022-05-25 07:44:27,473] WARNING::(P:15346 T:139809752336128)::app - index
[2022-05-25 07:48:13,785] WARNING::(P:15602 T:139926460946176)::app - index
[2022-05-25 07:50:15,294] WARNING::(P:16181 T:140447032796928)::app - index
[2022-05-25 07:50:36,724] WARNING::(P:16384 T:140414359172864)::app - index.html
[2022-05-25 07:51:24,738] WARNING::(P:16588 T:139802796095232)::app - /webapp/templates/index.html
[2022-05-25 07:52:19,459] WARNING::(P:16793 T:140639417124608)::app - .index.html
[2022-05-25 07:52:43,967] WARNING::(P:16992 T:139849812346624)::app - .index.html
[2022-05-25 07:56:09,300] WARNING::(P:17557 T:140308161476352)::app - <built-in method with_traceback of TemplateNotFound object at 0x7f9c091cebc0>
[2022-05-25 07:56:32,335] WARNING::(P:17732 T:139636314830592)::app - <built-in method with_traceback of TemplateNotFound object at 0x7eff9c6bf8c0>
[2022-05-25 07:56:32,402] WARNING::(P:17732 T:139635963459328)::app - <built-in method with_traceback of TemplateNotFound object at 0x7eff9c57eec0>
[2022-05-25 07:56:36,179] WARNING::(P:17732 T:139635963459328)::app - <built-in method with_traceback of TemplateNotFound object at 0x7eff9c6bf4c0>
[2022-05-25 07:56:36,961] WARNING::(P:17732 T:139635963459328)::app - <built-in method with_traceback of TemplateNotFound object at 0x7eff9c57eec0>
[2022-05-25 07:56:37,760] WARNING::(P:17732 T:139635963459328)::app - <built-in method with_traceback of TemplateNotFound object at 0x7eff9c6bf4c0>
[2022-05-25 07:56:38,457] WARNING::(P:17732 T:139636314830592)::app - <built-in method with_traceback of TemplateNotFound object at 0x7eff9c6bf4c0>
[2022-05-25 07:57:00,406] WARNING::(P:18020 T:140472048367360)::app - <built-in method with_traceback of TemplateNotFound object at 0x7fc2329988c0>
[2022-05-25 07:58:01,479] WARNING::(P:18213 T:139894414997248)::app - <built-in method with_traceback of TemplateNotFound object at 0x7f3bb4668ac0>
[2022-05-25 07:58:28,895] WARNING::(P:18405 T:140383736747776)::app - ./index.html
[2022-05-25 07:58:48,650] WARNING::(P:18568 T:140053944534784)::app - index.html
[2022-05-25 07:59:50,885] WARNING::(P:18896 T:140208883074816)::app - index.html
[2022-05-25 08:00:08,068] WARNING::(P:19075 T:139742834833152)::app - index.html
